2018-09-28 03:00:47,135 [INFO] -- TransactionServerRun...
2018-09-28 03:00:47,143 [INFO] -- StartListenServer...
2018-09-28 03:00:47,166 [INFO] -- 开启矿机服务：2018-09-28 03:00:47
2018-09-28 03:00:10,680 [INFO] -- 矿机开始运行:2018-09-28 03:00:04:1150
2018-09-28 03:02:47,566 [INFO] -- TransactionServerRun...
2018-09-28 03:02:47,572 [INFO] -- StartListenServer...
2018-09-28 03:02:47,581 [INFO] -- 开启矿机服务：2018-09-28 03:02:47
2018-09-28 03:03:05,122 [INFO] -- TransactionServerRun...
2018-09-28 03:03:05,127 [INFO] -- StartListenServer...
2018-09-28 03:03:05,141 [INFO] -- 开启矿机服务：2018-09-28 03:03:05
2018-09-28 03:00:08,485 [INFO] -- 矿机开始运行:2018-09-28 03:00:03:8130
2018-09-28 03:00:55,879 [INFO] -- 矿机结束运行:2018-09-28 03:00:55:8610
2018-09-28 03:00:05,997 [INFO] -- 矿机开始运行:2018-09-28 03:00:04:1010
2018-09-28 03:01:06,500 [INFO] -- 矿机结束运行:2018-09-28 03:01:06:5000
2018-09-28 03:00:03,847 [INFO] -- 矿机开始运行:2018-09-28 03:00:03:8470
2018-09-28 03:00:17,414 [INFO] -- 矿机结束运行:2018-09-28 03:00:17:4140
2018-09-28 03:00:03,024 [INFO] -- 矿机开始运行:2018-09-28 03:00:03:0240
2018-09-28 03:00:13,762 [INFO] -- 矿机结束运行:2018-09-28 03:00:13:7620
2018-09-28 03:00:04,720 [INFO] -- 矿机开始运行:2018-09-28 03:00:04:7200
2018-09-28 03:03:52,020 [INFO] -- TransactionServerRun...
2018-09-28 03:03:52,033 [INFO] -- StartListenServer...
2018-09-28 03:03:52,042 [INFO] -- 开启矿机服务：2018-09-28 03:03:52
2018-09-28 03:00:04,899 [INFO] -- 矿机开始运行:2018-09-28 03:00:04:8990
2018-09-28 03:00:14,352 [INFO] -- 矿机结束运行:2018-09-28 03:00:14:3520
2018-09-28 03:00:03,897 [INFO] -- 矿机开始运行:2018-09-28 03:00:03:8970
2018-09-28 03:00:12,752 [INFO] -- 矿机结束运行:2018-09-28 03:00:12:7520
2018-09-28 03:00:02,899 [INFO] -- 矿机开始运行:2018-09-28 03:00:02:8980
2018-09-28 03:00:11,748 [INFO] -- 矿机结束运行:2018-09-28 03:00:11:7480
2018-09-28 03:00:04,714 [INFO] -- 矿机开始运行:2018-09-28 03:00:04:7140
2018-09-28 03:00:13,628 [INFO] -- 矿机结束运行:2018-09-28 03:00:13:6280
2018-09-28 03:00:04,451 [INFO] -- 矿机开始运行:2018-09-28 03:00:04:4510
2018-09-28 03:00:13,679 [INFO] -- 矿机结束运行:2018-09-28 03:00:13:6790
2018-09-28 03:00:02,435 [INFO] -- 矿机开始运行:2018-09-28 03:00:02:4350
2018-09-28 03:04:59,089 [INFO] -- 矿机结束运行:2018-09-28 03:04:59:0890
2018-09-28 03:00:02,193 [INFO] -- 矿机开始运行:2018-09-28 03:00:02:1930
2018-09-28 03:00:46,562 [INFO] -- 矿机结束运行:2018-09-28 03:00:46:5620
2018-09-28 03:00:04,647 [INFO] -- 矿机开始运行:2018-09-28 03:00:04:6470
2018-09-28 03:00:13,626 [INFO] -- 矿机结束运行:2018-09-28 03:00:13:6260
2018-09-28 03:00:02,850 [INFO] -- 矿机开始运行:2018-09-28 03:00:02:8500
2018-09-28 03:00:11,709 [INFO] -- 矿机结束运行:2018-09-28 03:00:11:7090
2018-09-28 03:00:04,414 [INFO] -- 矿机开始运行:2018-09-28 03:00:04:4140
2018-09-28 03:00:12,894 [INFO] -- 矿机结束运行:2018-09-28 03:00:12:8940
2018-09-28 03:00:02,746 [INFO] -- 矿机开始运行:2018-09-28 03:00:02:7460
2018-09-28 03:00:12,075 [INFO] -- 矿机结束运行:2018-09-28 03:00:12:0750
2018-09-28 03:00:04,612 [INFO] -- 矿机开始运行:2018-09-28 03:00:04:6120
2018-09-28 03:19:40,829 [INFO] -- 矿机结束运行:2018-09-28 03:19:40:8290
2018-09-28 03:00:06,404 [INFO] -- 矿机开始运行:2018-09-28 03:00:04:8880
2018-09-28 03:01:28,521 [INFO] -- 矿机结束运行:2018-09-28 03:01:28:5210
2018-09-28 03:00:02,206 [INFO] -- 矿机开始运行:2018-09-28 03:00:02:2060
2018-09-28 03:00:11,325 [INFO] -- 矿机结束运行:2018-09-28 03:00:11:3250
2018-09-28 03:00:04,761 [INFO] -- 矿机开始运行:2018-09-28 03:00:04:7610
2018-09-28 03:00:13,087 [INFO] -- 矿机结束运行:2018-09-28 03:00:13:0870
2018-09-28 03:00:02,617 [INFO] -- 矿机开始运行:2018-09-28 03:00:02:6170
2018-09-28 03:00:11,880 [INFO] -- 矿机结束运行:2018-09-28 03:00:11:8800
2018-09-28 03:00:02,640 [INFO] -- 矿机开始运行:2018-09-28 03:00:02:6400
2018-09-28 03:00:11,402 [INFO] -- 矿机结束运行:2018-09-28 03:00:11:4020
2018-09-28 03:00:04,906 [INFO] -- 矿机开始运行:2018-09-28 03:00:04:9060
2018-09-28 03:01:34,950 [INFO] -- TransactionServerRun...
2018-09-28 03:01:34,955 [INFO] -- StartListenServer...
2018-09-28 03:01:39,157 [INFO] -- 开启矿机服务：2018-09-28 03:01:39
2018-09-28 03:00:02,855 [INFO] -- 矿机开始运行:2018-09-28 03:00:02:1300
2018-09-28 03:20:56,160 [INFO] -- TransactionServerRun...
2018-09-28 03:20:56,166 [INFO] -- StartListenServer...
2018-09-28 03:20:58,733 [INFO] -- 开启矿机服务：2018-09-28 03:20:58
2018-09-28 03:00:04,455 [INFO] -- 矿机开始运行:2018-09-28 03:00:04:4550
2018-09-28 03:00:12,135 [INFO] -- 矿机结束运行:2018-09-28 03:00:12:1350
2018-09-28 03:00:04,779 [INFO] -- 矿机开始运行:2018-09-28 03:00:04:7790
2018-09-28 03:00:12,759 [INFO] -- 矿机结束运行:2018-09-28 03:00:12:7590
2018-09-28 03:00:02,738 [INFO] -- 矿机开始运行:2018-09-28 03:00:02:7380
2018-09-28 03:00:09,823 [INFO] -- 矿机结束运行:2018-09-28 03:00:09:8230
2018-09-28 03:00:02,287 [INFO] -- 矿机开始运行:2018-09-28 03:00:02:2870
2018-09-28 03:00:10,291 [INFO] -- 矿机结束运行:2018-09-28 03:00:10:2910
2018-09-28 03:00:02,141 [INFO] -- 矿机开始运行:2018-09-28 03:00:02:1410
2018-09-28 03:00:10,005 [INFO] -- 矿机结束运行:2018-09-28 03:00:10:0050
2018-09-28 03:00:03,783 [INFO] -- 矿机开始运行:2018-09-28 03:00:03:7830
2018-09-28 03:10:04,875 [ERROR] -- 交易系统错误：Fatal error encountered during command execution.
2018-09-28 03:13:07,888 [ERROR] -- 云矿机分润：新增产币记录明细时出错Fatal error encountered during command execution.
2018-09-28 03:13:07,892 [ERROR] -- 交易服务出现异常：System.InvalidOperationException: Connection must be valid and open to rollback transaction
   在 MySql.Data.MySqlClient.MySqlTransaction.Rollback()
   在 BwDal.Wallet.TransactionInfoDal.RunTransaction(String no, Int32 orderId, Int32 payUserId, Int32 payeeUserId, List`1 borrowInfoEntities, List`1 loansInfoEntities, String type) 位置 f:\Work\BlockchainWallet\BwDal\Wallet\TransactionInfoDal.cs:行号 82
   在 BwServer.Controllers.v1.Transaction.TransactionSystem.Transaction() 位置 f:\Work\BlockchainWallet\BwServer\Controllers\v1\Transaction\TransactionSystem.cs:行号 78
2018-09-28 03:22:44,029 [ERROR] -- 矿机运行时出现未知错误：Fatal error encountered during command execution.
2018-09-28 03:22:44,030 [INFO] -- 矿机结束运行:2018-09-28 03:22:44:0300
2018-09-28 03:00:02,888 [INFO] -- 矿机开始运行:2018-09-28 03:00:02:8880
2018-09-28 03:00:08,379 [INFO] -- 矿机结束运行:2018-09-28 03:00:08:3790
2018-09-28 03:00:02,085 [INFO] -- 矿机开始运行:2018-09-28 03:00:02:0850
2018-09-28 03:00:09,456 [INFO] -- 矿机结束运行:2018-09-28 03:00:09:4560
2018-09-28 03:00:03,767 [INFO] -- 矿机开始运行:2018-09-28 03:00:03:7670
2018-09-28 03:00:11,575 [INFO] -- 矿机结束运行:2018-09-28 03:00:11:5750
2018-09-28 03:00:02,610 [INFO] -- 矿机开始运行:2018-09-28 03:00:02:6100
2018-09-28 03:00:10,303 [INFO] -- 矿机结束运行:2018-09-28 03:00:10:3030
2018-09-28 03:00:04,775 [INFO] -- 矿机开始运行:2018-09-28 03:00:04:7750
2018-09-28 03:00:12,748 [INFO] -- 矿机结束运行:2018-09-28 03:00:12:7480
2018-09-28 03:00:02,289 [INFO] -- 矿机开始运行:2018-09-28 03:00:02:2890
2018-09-28 03:00:10,123 [INFO] -- 矿机结束运行:2018-09-28 03:00:10:1230
2018-09-28 03:00:02,509 [INFO] -- 矿机开始运行:2018-09-28 03:00:02:5090
2018-09-28 03:00:09,688 [INFO] -- 矿机结束运行:2018-09-28 03:00:09:6880
2018-09-28 03:00:03,824 [INFO] -- 矿机开始运行:2018-09-28 03:00:03:8240
2018-09-28 03:00:11,541 [INFO] -- 矿机结束运行:2018-09-28 03:00:11:5410
2018-09-28 03:00:04,266 [INFO] -- 矿机开始运行:2018-09-28 03:00:04:2660
2018-09-28 03:00:12,278 [INFO] -- 矿机结束运行:2018-09-28 03:00:12:2780
2018-09-28 03:00:03,392 [INFO] -- 矿机开始运行:2018-09-28 03:00:03:3920
2018-09-28 03:00:10,714 [INFO] -- 矿机结束运行:2018-09-28 03:00:10:7140
2018-09-28 03:00:03,027 [INFO] -- 矿机开始运行:2018-09-28 03:00:03:0270
2018-09-28 03:00:10,324 [INFO] -- 矿机结束运行:2018-09-28 03:00:10:3240
2018-09-28 03:00:04,653 [INFO] -- 矿机开始运行:2018-09-28 03:00:04:6530
2018-09-28 03:00:12,490 [INFO] -- 矿机结束运行:2018-09-28 03:00:12:4900
2018-09-28 03:00:04,300 [INFO] -- 矿机开始运行:2018-09-28 03:00:04:3000
2018-09-28 03:04:08,728 [ERROR] -- 云矿机产币：新增产币记录明细时出错Fatal error encountered during command execution.
2018-09-28 03:07:50,023 [ERROR] -- 云矿机分润：新增产币记录明细时出错Fatal error encountered during command execution.
2018-09-28 03:08:24,267 [ERROR] -- 矿机运行时出现未知错误：Fatal error encountered during command execution.
2018-09-28 03:08:24,267 [INFO] -- 矿机结束运行:2018-09-28 03:08:24:2670
2018-09-28 03:00:21,788 [INFO] -- TransactionServerRun...
2018-09-28 03:00:21,794 [INFO] -- StartListenServer...
2018-09-28 03:00:31,279 [INFO] -- TransactionServerRun...
2018-09-28 03:00:31,284 [INFO] -- StartListenServer...
2018-09-28 03:00:31,291 [INFO] -- 开启矿机服务：2018-09-28 03:00:31
2018-09-28 03:00:04,350 [INFO] -- 矿机开始运行:2018-09-28 03:00:04:3508
2018-09-28 03:00:05,427 [ERROR] -- 矿机运行时出现未知错误：Unable to connect to any of the specified MySQL hosts.
2018-09-28 03:00:05,427 [INFO] -- 矿机结束运行:2018-09-28 03:00:05:4272
2018-09-28 18:33:44,988 [INFO] -- TransactionServerRun...
2018-09-28 18:33:44,994 [INFO] -- StartListenServer...
2018-09-28 18:33:44,995 [INFO] -- 开启矿机服务：2018-09-28 18:33:44
2018-09-28 18:34:53,394 [INFO] -- TransactionServerRun...
2018-09-28 18:34:53,400 [INFO] -- StartListenServer...
2018-09-28 18:34:53,401 [INFO] -- 开启矿机服务：2018-09-28 18:34:53
2018-09-28 18:35:56,658 [INFO] -- TransactionServerRun...
2018-09-28 18:35:56,663 [INFO] -- StartListenServer...
2018-09-28 18:35:56,664 [INFO] -- 开启矿机服务：2018-09-28 18:35:56
2018-09-28 18:37:05,997 [INFO] -- TransactionServerRun...
2018-09-28 18:37:06,003 [INFO] -- StartListenServer...
2018-09-28 18:37:08,744 [INFO] -- 开启矿机服务：2018-09-28 18:37:08
2018-09-28 18:38:18,865 [INFO] -- TransactionServerRun...
2018-09-28 18:38:18,871 [INFO] -- StartListenServer...
2018-09-28 18:38:18,881 [INFO] -- 开启矿机服务：2018-09-28 18:38:18
2018-09-28 18:39:04,266 [INFO] -- TransactionServerRun...
2018-09-28 18:39:04,272 [INFO] -- StartListenServer...
2018-09-28 18:39:04,281 [INFO] -- 开启矿机服务：2018-09-28 18:39:04
2018-09-29 21:32:34,515 [INFO] -- TransactionServerRun...
2018-09-29 21:32:34,538 [INFO] -- StartListenServer...
2018-09-29 21:32:34,544 [INFO] -- 开启矿机服务：2018-09-29 21:32:34
2018-09-30 03:00:03,140 [INFO] -- 矿机开始运行:2018-09-30 03:00:03:1400
2018-09-30 03:00:12,752 [INFO] -- 矿机结束运行:2018-09-30 03:00:12:7520
2018-09-30 14:25:48,800 [INFO] -- TransactionServerRun...
2018-09-30 14:25:48,806 [INFO] -- StartListenServer...
2018-09-30 14:25:48,819 [INFO] -- 开启矿机服务：2018-09-30 14:25:48
2018-09-30 14:26:26,413 [INFO] -- TransactionServerRun...
2018-09-30 14:26:26,419 [INFO] -- StartListenServer...
2018-09-30 14:26:26,429 [INFO] -- 开启矿机服务：2018-09-30 14:26:26
2018-09-30 14:29:37,841 [INFO] -- TransactionServerRun...
2018-09-30 14:29:37,871 [INFO] -- StartListenServer...
2018-09-30 14:29:37,889 [INFO] -- 开启矿机服务：2018-09-30 14:29:37
2018-09-30 14:30:56,804 [INFO] -- TransactionServerRun...
2018-09-30 14:30:56,829 [INFO] -- StartListenServer...
2018-09-30 14:30:56,840 [INFO] -- 开启矿机服务：2018-09-30 14:30:56
2018-09-30 14:34:06,933 [INFO] -- TransactionServerRun...
2018-09-30 14:34:06,939 [INFO] -- StartListenServer...
2018-09-30 14:34:06,967 [INFO] -- 开启矿机服务：2018-09-30 14:34:06
2018-09-30 14:34:36,185 [INFO] -- TransactionServerRun...
2018-09-30 14:34:36,191 [INFO] -- StartListenServer...
2018-09-30 14:34:36,200 [INFO] -- 开启矿机服务：2018-09-30 14:34:36
2018-09-30 14:40:02,298 [INFO] -- TransactionServerRun...
2018-09-30 14:40:02,321 [INFO] -- StartListenServer...
2018-09-30 14:40:02,352 [INFO] -- 开启矿机服务：2018-09-30 14:40:02
2018-09-30 14:42:05,294 [INFO] -- TransactionServerRun...
2018-09-30 14:42:05,301 [INFO] -- StartListenServer...
2018-09-30 14:42:05,309 [INFO] -- 开启矿机服务：2018-09-30 14:42:05
2018-09-30 14:43:34,149 [INFO] -- TransactionServerRun...
2018-09-30 14:43:34,156 [INFO] -- StartListenServer...
2018-09-30 14:43:34,171 [INFO] -- 开启矿机服务：2018-09-30 14:43:34
2018-09-30 14:48:20,730 [INFO] -- TransactionServerRun...
2018-09-30 14:48:20,739 [INFO] -- StartListenServer...
2018-09-30 14:48:20,745 [INFO] -- 开启矿机服务：2018-09-30 14:48:20
2018-09-30 14:49:54,540 [INFO] -- TransactionServerRun...
2018-09-30 14:49:54,546 [INFO] -- StartListenServer...
2018-09-30 14:49:54,555 [INFO] -- 开启矿机服务：2018-09-30 14:49:54
2018-09-30 14:51:07,713 [INFO] -- TransactionServerRun...
2018-09-30 14:51:07,742 [INFO] -- StartListenServer...
2018-09-30 14:51:07,760 [INFO] -- 开启矿机服务：2018-09-30 14:51:07
2018-09-30 14:52:38,135 [INFO] -- TransactionServerRun...
2018-09-30 14:52:38,161 [INFO] -- StartListenServer...
2018-09-30 14:52:38,173 [INFO] -- 开启矿机服务：2018-09-30 14:52:38
2018-09-30 14:54:11,291 [INFO] -- TransactionServerRun...
2018-09-30 14:54:11,315 [INFO] -- StartListenServer...
2018-09-30 14:54:11,326 [INFO] -- 开启矿机服务：2018-09-30 14:54:11
