2018-08-17 15:43:21,290 [ERROR] -- 用户登录
2018-08-18 14:37:21,375 [ERROR] -- 用户登录
2018-09-28 18:34:09,502 [ERROR] -- System.NullReferenceException: 未将对象引用设置到对象的实例。
   在 BwServerSal.ServiceApi.Wallet.CurrencyInfoApi.AddCurrencyPriceRecord(CurrencyPriceRecordModelSend currencyPriceRecordModelSend) 位置 f:\Work\BlockchainWallet\BwServerSal\ServiceApi\Wallet\CurrencyInfoApi.cs:行号 37
   在 BwBackMgmt.PassCardMgmt.SubFormPassCardCurrentAmount.btnCheck_Click(Object sender, EventArgs e) 位置 f:\Work\BlockchainWallet\BwBackMgmt\PassCardMgmt\SubFormPassCardCurrentAmount.cs:行号 38
   在 System.Windows.Forms.Control.OnClick(EventArgs e)
   在 DevExpress.XtraEditors.BaseButton.OnClick(EventArgs e)
   在 DevExpress.XtraEditors.BaseButton.OnMouseUp(MouseEventArgs e)
   在 System.Windows.Forms.Control.WmMouseUp(Message& m, MouseButtons button, Int32 clicks)
   在 System.Windows.Forms.Control.WndProc(Message& m)
   在 DevExpress.Utils.Controls.ControlBase.WndProc(Message& m)
   在 DevExpress.XtraEditors.BaseControl.WndProc(Message& msg)
   在 System.Windows.Forms.NativeWindow.DebuggableCallback(IntPtr hWnd, Int32 msg, IntPtr wparam, IntPtr lparam)
   在 System.Windows.Forms.UnsafeNativeMethods.DispatchMessageW(MSG& msg)
   在 System.Windows.Forms.Application.ComponentManager.System.Windows.Forms.UnsafeNativeMethods.IMsoComponentManager.FPushMessageLoop(IntPtr dwComponentID, Int32 reason, Int32 pvLoopData)
   在 System.Windows.Forms.Application.ThreadContext.RunMessageLoopInner(Int32 reason, ApplicationContext context)
   在 System.Windows.Forms.Application.ThreadContext.RunMessageLoop(Int32 reason, ApplicationContext context)
   在 System.Windows.Forms.Form.ShowDialog(IWin32Window owner)
   在 BwBackMgmt.PassCardMgmt.FormPassCardMgmt.btnUpdateCurrentAmount_Click(Object sender, EventArgs e) 位置 f:\Work\BlockchainWallet\BwBackMgmt\PassCardMgmt\FormPassCardMgmt.cs:行号 51
   在 System.Windows.Forms.Control.OnClick(EventArgs e)
   在 DevExpress.XtraEditors.BaseButton.OnClick(EventArgs e)
   在 DevExpress.XtraEditors.BaseButton.OnMouseUp(MouseEventArgs e)
   在 System.Windows.Forms.Control.WmMouseUp(Message& m, MouseButtons button, Int32 clicks)
   在 System.Windows.Forms.Control.WndProc(Message& m)
   在 DevExpress.Utils.Controls.ControlBase.WndProc(Message& m)
   在 DevExpress.XtraEditors.BaseControl.WndProc(Message& msg)
   在 System.Windows.Forms.NativeWindow.DebuggableCallback(IntPtr hWnd, Int32 msg, IntPtr wparam, IntPtr lparam)
   在 System.Windows.Forms.UnsafeNativeMethods.DispatchMessageW(MSG& msg)
   在 System.Windows.Forms.Application.ComponentManager.System.Windows.Forms.UnsafeNativeMethods.IMsoComponentManager.FPushMessageLoop(IntPtr dwComponentID, Int32 reason, Int32 pvLoopData)
   在 System.Windows.Forms.Application.ThreadContext.RunMessageLoopInner(Int32 reason, ApplicationContext context)
   在 System.Windows.Forms.Application.ThreadContext.RunMessageLoop(Int32 reason, ApplicationContext context)
   在 BwBackMgmt.Program.Main() 位置 f:\Work\BlockchainWallet\BwBackMgmt\Program.cs:行号 23
2018-09-28 18:35:23,945 [ERROR] -- System.NullReferenceException: 未将对象引用设置到对象的实例。
   在 BwServerSal.ServiceApi.Wallet.CurrencyInfoApi.AddCurrencyPriceRecord(CurrencyPriceRecordModelSend currencyPriceRecordModelSend) 位置 f:\Work\BlockchainWallet\BwServerSal\ServiceApi\Wallet\CurrencyInfoApi.cs:行号 37
   在 BwBackMgmt.PassCardMgmt.SubFormPassCardCurrentAmount.btnCheck_Click(Object sender, EventArgs e) 位置 f:\Work\BlockchainWallet\BwBackMgmt\PassCardMgmt\SubFormPassCardCurrentAmount.cs:行号 38
   在 System.Windows.Forms.Control.OnClick(EventArgs e)
   在 DevExpress.XtraEditors.BaseButton.OnClick(EventArgs e)
   在 DevExpress.XtraEditors.BaseButton.OnMouseUp(MouseEventArgs e)
   在 System.Windows.Forms.Control.WmMouseUp(Message& m, MouseButtons button, Int32 clicks)
   在 System.Windows.Forms.Control.WndProc(Message& m)
   在 DevExpress.Utils.Controls.ControlBase.WndProc(Message& m)
   在 DevExpress.XtraEditors.BaseControl.WndProc(Message& msg)
   在 System.Windows.Forms.NativeWindow.DebuggableCallback(IntPtr hWnd, Int32 msg, IntPtr wparam, IntPtr lparam)
   在 System.Windows.Forms.UnsafeNativeMethods.DispatchMessageW(MSG& msg)
   在 System.Windows.Forms.Application.ComponentManager.System.Windows.Forms.UnsafeNativeMethods.IMsoComponentManager.FPushMessageLoop(IntPtr dwComponentID, Int32 reason, Int32 pvLoopData)
   在 System.Windows.Forms.Application.ThreadContext.RunMessageLoopInner(Int32 reason, ApplicationContext context)
   在 System.Windows.Forms.Application.ThreadContext.RunMessageLoop(Int32 reason, ApplicationContext context)
   在 System.Windows.Forms.Form.ShowDialog(IWin32Window owner)
   在 BwBackMgmt.PassCardMgmt.FormPassCardMgmt.btnUpdateCurrentAmount_Click(Object sender, EventArgs e) 位置 f:\Work\BlockchainWallet\BwBackMgmt\PassCardMgmt\FormPassCardMgmt.cs:行号 51
   在 System.Windows.Forms.Control.OnClick(EventArgs e)
   在 DevExpress.XtraEditors.BaseButton.OnClick(EventArgs e)
   在 DevExpress.XtraEditors.BaseButton.OnMouseUp(MouseEventArgs e)
   在 System.Windows.Forms.Control.WmMouseUp(Message& m, MouseButtons button, Int32 clicks)
   在 System.Windows.Forms.Control.WndProc(Message& m)
   在 DevExpress.Utils.Controls.ControlBase.WndProc(Message& m)
   在 DevExpress.XtraEditors.BaseControl.WndProc(Message& msg)
   在 System.Windows.Forms.NativeWindow.DebuggableCallback(IntPtr hWnd, Int32 msg, IntPtr wparam, IntPtr lparam)
   在 System.Windows.Forms.UnsafeNativeMethods.DispatchMessageW(MSG& msg)
   在 System.Windows.Forms.Application.ComponentManager.System.Windows.Forms.UnsafeNativeMethods.IMsoComponentManager.FPushMessageLoop(IntPtr dwComponentID, Int32 reason, Int32 pvLoopData)
   在 System.Windows.Forms.Application.ThreadContext.RunMessageLoopInner(Int32 reason, ApplicationContext context)
   在 System.Windows.Forms.Application.ThreadContext.RunMessageLoop(Int32 reason, ApplicationContext context)
   在 BwBackMgmt.Program.Main() 位置 f:\Work\BlockchainWallet\BwBackMgmt\Program.cs:行号 23
2018-09-28 18:36:07,649 [ERROR] -- System.NullReferenceException: 未将对象引用设置到对象的实例。
   在 BwServerSal.ServiceApi.Wallet.CurrencyInfoApi.AddCurrencyPriceRecord(CurrencyPriceRecordModelSend currencyPriceRecordModelSend) 位置 f:\Work\BlockchainWallet\BwServerSal\ServiceApi\Wallet\CurrencyInfoApi.cs:行号 37
   在 BwBackMgmt.PassCardMgmt.SubFormPassCardCurrentAmount.btnCheck_Click(Object sender, EventArgs e) 位置 f:\Work\BlockchainWallet\BwBackMgmt\PassCardMgmt\SubFormPassCardCurrentAmount.cs:行号 38
   在 System.Windows.Forms.Control.OnClick(EventArgs e)
   在 DevExpress.XtraEditors.BaseButton.OnClick(EventArgs e)
   在 DevExpress.XtraEditors.BaseButton.OnMouseUp(MouseEventArgs e)
   在 System.Windows.Forms.Control.WmMouseUp(Message& m, MouseButtons button, Int32 clicks)
   在 System.Windows.Forms.Control.WndProc(Message& m)
   在 DevExpress.Utils.Controls.ControlBase.WndProc(Message& m)
   在 DevExpress.XtraEditors.BaseControl.WndProc(Message& msg)
   在 System.Windows.Forms.NativeWindow.DebuggableCallback(IntPtr hWnd, Int32 msg, IntPtr wparam, IntPtr lparam)
   在 System.Windows.Forms.UnsafeNativeMethods.DispatchMessageW(MSG& msg)
   在 System.Windows.Forms.Application.ComponentManager.System.Windows.Forms.UnsafeNativeMethods.IMsoComponentManager.FPushMessageLoop(IntPtr dwComponentID, Int32 reason, Int32 pvLoopData)
   在 System.Windows.Forms.Application.ThreadContext.RunMessageLoopInner(Int32 reason, ApplicationContext context)
   在 System.Windows.Forms.Application.ThreadContext.RunMessageLoop(Int32 reason, ApplicationContext context)
   在 System.Windows.Forms.Form.ShowDialog(IWin32Window owner)
   在 BwBackMgmt.PassCardMgmt.FormPassCardMgmt.btnUpdateCurrentAmount_Click(Object sender, EventArgs e) 位置 f:\Work\BlockchainWallet\BwBackMgmt\PassCardMgmt\FormPassCardMgmt.cs:行号 51
   在 System.Windows.Forms.Control.OnClick(EventArgs e)
   在 DevExpress.XtraEditors.BaseButton.OnClick(EventArgs e)
   在 DevExpress.XtraEditors.BaseButton.OnMouseUp(MouseEventArgs e)
   在 System.Windows.Forms.Control.WmMouseUp(Message& m, MouseButtons button, Int32 clicks)
   在 System.Windows.Forms.Control.WndProc(Message& m)
   在 DevExpress.Utils.Controls.ControlBase.WndProc(Message& m)
   在 DevExpress.XtraEditors.BaseControl.WndProc(Message& msg)
   在 System.Windows.Forms.NativeWindow.DebuggableCallback(IntPtr hWnd, Int32 msg, IntPtr wparam, IntPtr lparam)
   在 System.Windows.Forms.UnsafeNativeMethods.DispatchMessageW(MSG& msg)
   在 System.Windows.Forms.Application.ComponentManager.System.Windows.Forms.UnsafeNativeMethods.IMsoComponentManager.FPushMessageLoop(IntPtr dwComponentID, Int32 reason, Int32 pvLoopData)
   在 System.Windows.Forms.Application.ThreadContext.RunMessageLoopInner(Int32 reason, ApplicationContext context)
   在 System.Windows.Forms.Application.ThreadContext.RunMessageLoop(Int32 reason, ApplicationContext context)
   在 BwBackMgmt.Program.Main() 位置 f:\Work\BlockchainWallet\BwBackMgmt\Program.cs:行号 23
2018-09-28 18:37:22,739 [ERROR] -- System.NullReferenceException: 未将对象引用设置到对象的实例。
   在 BwServerSal.ServiceApi.Wallet.CurrencyInfoApi.AddCurrencyPriceRecord(CurrencyPriceRecordModelSend currencyPriceRecordModelSend) 位置 f:\Work\BlockchainWallet\BwServerSal\ServiceApi\Wallet\CurrencyInfoApi.cs:行号 37
   在 BwBackMgmt.PassCardMgmt.SubFormPassCardCurrentAmount.btnCheck_Click(Object sender, EventArgs e) 位置 f:\Work\BlockchainWallet\BwBackMgmt\PassCardMgmt\SubFormPassCardCurrentAmount.cs:行号 38
   在 System.Windows.Forms.Control.OnClick(EventArgs e)
   在 DevExpress.XtraEditors.BaseButton.OnClick(EventArgs e)
   在 DevExpress.XtraEditors.BaseButton.OnMouseUp(MouseEventArgs e)
   在 System.Windows.Forms.Control.WmMouseUp(Message& m, MouseButtons button, Int32 clicks)
   在 System.Windows.Forms.Control.WndProc(Message& m)
   在 DevExpress.Utils.Controls.ControlBase.WndProc(Message& m)
   在 DevExpress.XtraEditors.BaseControl.WndProc(Message& msg)
   在 System.Windows.Forms.NativeWindow.DebuggableCallback(IntPtr hWnd, Int32 msg, IntPtr wparam, IntPtr lparam)
   在 System.Windows.Forms.UnsafeNativeMethods.DispatchMessageW(MSG& msg)
   在 System.Windows.Forms.Application.ComponentManager.System.Windows.Forms.UnsafeNativeMethods.IMsoComponentManager.FPushMessageLoop(IntPtr dwComponentID, Int32 reason, Int32 pvLoopData)
   在 System.Windows.Forms.Application.ThreadContext.RunMessageLoopInner(Int32 reason, ApplicationContext context)
   在 System.Windows.Forms.Application.ThreadContext.RunMessageLoop(Int32 reason, ApplicationContext context)
   在 System.Windows.Forms.Form.ShowDialog(IWin32Window owner)
   在 BwBackMgmt.PassCardMgmt.FormPassCardMgmt.btnUpdateCurrentAmount_Click(Object sender, EventArgs e) 位置 f:\Work\BlockchainWallet\BwBackMgmt\PassCardMgmt\FormPassCardMgmt.cs:行号 51
   在 System.Windows.Forms.Control.OnClick(EventArgs e)
   在 DevExpress.XtraEditors.BaseButton.OnClick(EventArgs e)
   在 DevExpress.XtraEditors.BaseButton.OnMouseUp(MouseEventArgs e)
   在 System.Windows.Forms.Control.WmMouseUp(Message& m, MouseButtons button, Int32 clicks)
   在 System.Windows.Forms.Control.WndProc(Message& m)
   在 DevExpress.Utils.Controls.ControlBase.WndProc(Message& m)
   在 DevExpress.XtraEditors.BaseControl.WndProc(Message& msg)
   在 System.Windows.Forms.NativeWindow.DebuggableCallback(IntPtr hWnd, Int32 msg, IntPtr wparam, IntPtr lparam)
   在 System.Windows.Forms.UnsafeNativeMethods.DispatchMessageW(MSG& msg)
   在 System.Windows.Forms.Application.ComponentManager.System.Windows.Forms.UnsafeNativeMethods.IMsoComponentManager.FPushMessageLoop(IntPtr dwComponentID, Int32 reason, Int32 pvLoopData)
   在 System.Windows.Forms.Application.ThreadContext.RunMessageLoopInner(Int32 reason, ApplicationContext context)
   在 System.Windows.Forms.Application.ThreadContext.RunMessageLoop(Int32 reason, ApplicationContext context)
   在 BwBackMgmt.Program.Main() 位置 f:\Work\BlockchainWallet\BwBackMgmt\Program.cs:行号 23
2018-09-28 18:38:30,485 [ERROR] -- System.NullReferenceException: 未将对象引用设置到对象的实例。
   在 BwServerSal.ServiceApi.Wallet.CurrencyInfoApi.AddCurrencyPriceRecord(CurrencyPriceRecordModelSend currencyPriceRecordModelSend) 位置 f:\Work\BlockchainWallet\BwServerSal\ServiceApi\Wallet\CurrencyInfoApi.cs:行号 37
   在 BwBackMgmt.PassCardMgmt.SubFormPassCardCurrentAmount.btnCheck_Click(Object sender, EventArgs e) 位置 f:\Work\BlockchainWallet\BwBackMgmt\PassCardMgmt\SubFormPassCardCurrentAmount.cs:行号 38
   在 System.Windows.Forms.Control.OnClick(EventArgs e)
   在 DevExpress.XtraEditors.BaseButton.OnClick(EventArgs e)
   在 DevExpress.XtraEditors.BaseButton.OnMouseUp(MouseEventArgs e)
   在 System.Windows.Forms.Control.WmMouseUp(Message& m, MouseButtons button, Int32 clicks)
   在 System.Windows.Forms.Control.WndProc(Message& m)
   在 DevExpress.Utils.Controls.ControlBase.WndProc(Message& m)
   在 DevExpress.XtraEditors.BaseControl.WndProc(Message& msg)
   在 System.Windows.Forms.NativeWindow.DebuggableCallback(IntPtr hWnd, Int32 msg, IntPtr wparam, IntPtr lparam)
   在 System.Windows.Forms.UnsafeNativeMethods.DispatchMessageW(MSG& msg)
   在 System.Windows.Forms.Application.ComponentManager.System.Windows.Forms.UnsafeNativeMethods.IMsoComponentManager.FPushMessageLoop(IntPtr dwComponentID, Int32 reason, Int32 pvLoopData)
   在 System.Windows.Forms.Application.ThreadContext.RunMessageLoopInner(Int32 reason, ApplicationContext context)
   在 System.Windows.Forms.Application.ThreadContext.RunMessageLoop(Int32 reason, ApplicationContext context)
   在 System.Windows.Forms.Form.ShowDialog(IWin32Window owner)
   在 BwBackMgmt.PassCardMgmt.FormPassCardMgmt.btnUpdateCurrentAmount_Click(Object sender, EventArgs e) 位置 f:\Work\BlockchainWallet\BwBackMgmt\PassCardMgmt\FormPassCardMgmt.cs:行号 51
   在 System.Windows.Forms.Control.OnClick(EventArgs e)
   在 DevExpress.XtraEditors.BaseButton.OnClick(EventArgs e)
   在 DevExpress.XtraEditors.BaseButton.OnMouseUp(MouseEventArgs e)
   在 System.Windows.Forms.Control.WmMouseUp(Message& m, MouseButtons button, Int32 clicks)
   在 System.Windows.Forms.Control.WndProc(Message& m)
   在 DevExpress.Utils.Controls.ControlBase.WndProc(Message& m)
   在 DevExpress.XtraEditors.BaseControl.WndProc(Message& msg)
   在 System.Windows.Forms.NativeWindow.DebuggableCallback(IntPtr hWnd, Int32 msg, IntPtr wparam, IntPtr lparam)
   在 System.Windows.Forms.UnsafeNativeMethods.DispatchMessageW(MSG& msg)
   在 System.Windows.Forms.Application.ComponentManager.System.Windows.Forms.UnsafeNativeMethods.IMsoComponentManager.FPushMessageLoop(IntPtr dwComponentID, Int32 reason, Int32 pvLoopData)
   在 System.Windows.Forms.Application.ThreadContext.RunMessageLoopInner(Int32 reason, ApplicationContext context)
   在 System.Windows.Forms.Application.ThreadContext.RunMessageLoop(Int32 reason, ApplicationContext context)
   在 BwBackMgmt.Program.Main() 位置 f:\Work\BlockchainWallet\BwBackMgmt\Program.cs:行号 23
